Tue Sep 10 16:47:21 2019	Failed	Causedby : timeout	2019-09-12_SNH_NJH
Tue Sep 10 16:48:37 2019	Failed	Causedby : timeout	2019-09-12_SNH_NJH
Wed Sep 11 11:31:15 2019	Failed	Causedby : timeout	2019-09-12_NJH_SNH
Wed Sep 11 11:37:17 2019	Failed	Causedby : timeout	2019-09-12_NJH_SNH
Wed Sep 11 11:38:51 2019	Failed	Causedby : timeout	2019-09-12_NJH_SNH
Wed Sep 11 11:48:31 2019	Failed	Causedby : timeout	2019-09-12_NJH_SNH
Wed Sep 11 11:49:55 2019	Failed	Causedby : timeout	2019-09-12_NJH_SNH
Wed Sep 11 11:52:46 2019	Failed	Causedby : 302 redirect	2019-09-12_NJH_SNH
Wed Sep 11 11:55:00 2019	Failed	Causedby : 302 redirect	2019-09-12_NJH_SNH
Wed Sep 11 11:59:10 2019	Failed	Causedby : 302 redirect	2019-09-12_NJH_SNH
Wed Sep 11 12:06:10 2019	Failed	Causedby : 302 redirect	2019-09-12_NJH_SNH
Wed Sep 11 13:42:35 2019	Failed	Causedby : 302 redirect	2019-09-12_NJH_SNH
Wed Sep 11 13:48:31 2019	Failed	Causedby : 302 redirect	2019-09-12_NJH_SNH
Wed Sep 11 13:48:53 2019	Failed	Causedby : 302 redirect	2019-09-12_NJH_SNH
Wed Sep 11 14:08:14 2019	Failed	Causedby : timeout or refused	2019-09-12_NJH_SNH
Wed Sep 11 14:10:08 2019	Successed	2019-09-12_NJH_SNH
Mon Sep 23 15:21:33 2019	Failed	Causedby : unknown	2019-10-10_SNH_NHJ
Mon Sep 23 15:27:25 2019	Failed	Causedby : unknown	2019-10-10_SNH_NJH
Mon Sep 23 15:45:22 2019	Failed	Causedby : unknown	2019-10-10_SNH_NJH
Mon Sep 23 15:48:43 2019	Failed	Causedby : 404 PageNotFound	2019-10-10_SNH_NJH
Mon Sep 23 15:55:51 2019	Failed	Causedby : 404 PageNotFound	2019-10-10_SNH_NJH
Mon Sep 23 16:10:12 2019	Failed	Causedby : 404 PageNotFound	2019-10-10_SNH_NJH
Mon Sep 23 16:12:14 2019	Failed	Causedby : 404 PageNotFound	2019-10-10_SNH_NJH
